app/build/intermediates/manifest_merge_blame_file/debug/processDebugMainManifest/manifest-merger-blame-debug-report.txt
1<?xml version="1.0" encoding="utf-8"?>
2<manifest xmlns:android="http://schemas.android.com/apk/res/android"
3    package="com.example.songplayer"
4    android:versionCode="1"
5    android:versionName="1.0" >
6
7    <uses-sdk
8        android:minSdkVersion="21"
9        android:targetSdkVersion="36" />
10
11    <uses-permission android:name="android.permission.INTERNET" />
11-->src/main/AndroidManifest.xml:3:5-67
11-->src/main/AndroidManifest.xml:3:22-64
12    <uses-permission android:name="android.permission.FOREGROUND_SERVICE" />
12-->src/main/AndroidManifest.xml:4:5-77
12-->src/main/AndroidManifest.xml:4:22-74
13    <uses-permission android:name="android.permission.FOREGROUND_SERVICE_MEDIA_PLAYBACK" />
13-->src/main/AndroidManifest.xml:5:5-92
13-->src/main/AndroidManifest.xml:5:22-89
14    <uses-permission android:name="android.permission.ACCESS_NETWORK_STATE" />
14-->[com.google.android.exoplayer:exoplayer-core:2.19.1] AndroidManifest.xml:24:5-79
14-->[com.google.android.exoplayer:exoplayer-core:2.19.1] AndroidManifest.xml:24:22-76
15
16    <permission
16-->[androidx.core:core:1.12.0] AndroidManifest.xml:22:5-24:47
17        android:name="com.example.songplayer.DYNAMIC_RECEIVER_NOT_EXPORTED_PERMISSION"
17-->[androidx.core:core:1.12.0] AndroidManifest.xml:23:9-81
18        android:protectionLevel="signature" />
18-->[androidx.core:core:1.12.0] AndroidManifest.xml:24:9-44
19
20    <uses-permission android:name="com.example.songplayer.DYNAMIC_RECEIVER_NOT_EXPORTED_PERMISSION" />
20-->[androidx.core:core:1.12.0] AndroidManifest.xml:26:5-97
20-->[androidx.core:core:1.12.0] AndroidManifest.xml:26:22-94
21
22    <application
22-->src/main/AndroidManifest.xml:6:5-36:19
23        android:allowBackup="true"
23-->src/main/AndroidManifest.xml:7:9-35
24        android:appComponentFactory="androidx.core.app.CoreComponentFactory"
24-->[androidx.core:core:1.12.0] AndroidManifest.xml:28:18-86
25        android:attributionTags="main"
25-->src/main/AndroidManifest.xml:14:9-39
26        android:debuggable="true"
27        android:extractNativeLibs="true"
28        android:icon="@mipmap/ic_launcher"
28-->src/main/AndroidManifest.xml:9:9-43
29        android:label="SongPlayer"
29-->src/main/AndroidManifest.xml:8:9-35
30        android:networkSecurityConfig="@xml/network_security_config"
30-->src/main/AndroidManifest.xml:13:9-69
31        android:roundIcon="@mipmap/ic_launcher_round"
31-->src/main/AndroidManifest.xml:10:9-54
32        android:supportsRtl="true"
32-->src/main/AndroidManifest.xml:11:9-35
33        android:theme="@style/AppTheme" >
33-->src/main/AndroidManifest.xml:12:9-40
34        <activity
34-->src/main/AndroidManifest.xml:15:9-24:20
35            android:name="com.example.songplayer.MainActivity"
35-->src/main/AndroidManifest.xml:16:13-41
36            android:exported="true"
36-->src/main/AndroidManifest.xml:19:13-36
37            android:launchMode="singleTop"
37-->src/main/AndroidManifest.xml:18:13-43
38            android:theme="@style/Theme.SongPlayer.Launcher" >
38-->src/main/AndroidManifest.xml:17:13-61
39            <intent-filter>
39-->src/main/AndroidManifest.xml:20:13-23:29
40                <action android:name="android.intent.action.MAIN" />
40-->src/main/AndroidManifest.xml:21:17-69
40-->src/main/AndroidManifest.xml:21:25-66
41
42                <category android:name="android.intent.category.LAUNCHER" />
42-->src/main/AndroidManifest.xml:22:17-77
42-->src/main/AndroidManifest.xml:22:27-74
43            </intent-filter>
44        </activity>
45
46        <receiver
46-->src/main/AndroidManifest.xml:25:9-31:20
47            android:name="androidx.media.session.MediaButtonReceiver"
47-->src/main/AndroidManifest.xml:26:13-70
48            android:exported="true" >
48-->src/main/AndroidManifest.xml:27:13-36
49            <intent-filter>
49-->src/main/AndroidManifest.xml:28:13-30:29
50                <action android:name="android.intent.action.MEDIA_BUTTON" />
50-->src/main/AndroidManifest.xml:29:17-77
50-->src/main/AndroidManifest.xml:29:25-74
51            </intent-filter>
52        </receiver>
53
54        <service
54-->src/main/AndroidManifest.xml:32:9-35:61
55            android:name="com.example.songplayer.MusicService"
55-->src/main/AndroidManifest.xml:33:13-41
56            android:exported="false"
56-->src/main/AndroidManifest.xml:34:13-37
57            android:foregroundServiceType="mediaPlayback" />
57-->src/main/AndroidManifest.xml:35:13-58
58    </application>
59
60</manifest>